00000002000001 /72WY:*65;HR:REW
00000008000502 *YC1CU4A5ZK&VW29
0000000a010102 @K@1U~48:HA9@6@@
00000108000000 *H6C*~E8M-5-~-H6
00000108000002 HA6/*948W25Y9&H&
40000002000000 /,,VK:Y@9,W-:^HV
40000002000002 1~E1U4Y1~XY::X8W
0000000a000100 CA6UM~42ZXA&9&29
00200000000100 -A8-99&W&XZ9YKK2
00000000000100 4E@5@XM19VK&9152
00000000000180 HY@5@9V1;V769157
00002000000180 W9221UVWPC259@E2
00002000000100 -A8^AK*;REP~W6X~
89282ee807f7a3 ZP2*4-H^P;RU;62K
00200000000180 -A8-V9VWYE8&VMU2
0000000a000102 /C11U@41~XA&XV29
00000000000182 -914ME6U9E8&ZAE7
00000000000102 HR8HW,Z6YAP9VMEX
00002000000182 @285@U1@RA899@@5
00002000000102 HAHACEZMEA89U^P@
00200000000182 PU1@^XV1~4E~9CA5
00200000000102 RU1@U9&192C&9CK@
00000002000080 &U2959@@6HE~79K1
00000002000000 /-8W-;*RX,*-:-P*
fe5058ebad6155 ,A6P*VHP*X5*Y;YV
00000002000101 VM@9C:4@9A@@9@@@
00000002000082 111169@A@44@@15@
00000002000002 11116~@A@44@@65@
fe5058ebad6157 MH@1,@HA9H@9X1C@
00000002000103 1M@9C:4@9C@@9@@@
f5a67e4ef97a6f 7AK8M&16WZAPE79@
c9282ee806f7a3 *P2-ARY~E,R9;K2W
40000008000001 5P@1AVE1~9A~,7@9
40000008000003 -5@4MW2@~;K;;YEV
00800100000000 *AKCY6R;,/6Y7&*;
e21f7e62dfb6fc 1@2@V9V@:AR~9@H@
e21f7e62dfb67c M6;*VXE9/;-*Z7UH
00800100000002 426A9@9EXMRA@VA8
e21f7e62dfb77d W@2Y@^*~PYM~VKE@
00000008010400 @5@44U1@5*512~1@
e21f7e62dfb6fe 1@2@V9V@:CR99@H@
e21f7e62dfb67e 112@19V@:AC99@H@
e21f7e62dfb77f W62419*@@A8~99@@
00000008010501 ZP@*CUH5PX5VV62@
00000008000001 ZC@5E94@~15@U@A@
00000008010402 4E1*EU4KMCKU9&4@
00000008010503 4E@9AU4A5A5995@@
00000008000003 4M@-E/26,25YV/Y5
c9282ee806f7a2 ZKC*C~2~M&Y9;5:W
00002000010401 ZE2@CY2@AC5@96@5
00000000010401 ZP2*H-H^K:RW;62K
00002000010403 4E2@CY2@AA5@96@5
00000000010403 XA@4PZHU5C6VVV2K
de13019ed3618e 1@AWEXH1~5VV7&22
00082000010000 VY-EHY4~K*-WVV4E
00080000010000 4,-*RY8^U;,WXVXE
00200000000080 -A99UXV1~245@C@@
00200000000000 -A59^XV1~E@5@CC5
89282ee806f7a2 9W4WAXV96V8~V^75
40000000000401 *P2-A-X5K-R/-K2W
40000000000403 *K24K4X95:R&Z9E/
00880000010000 121X@,25KH,Y6@9A
40000008000002 @514C9E@@&AV79A9
40080000000000 ::;W&AP~/*/*ZXEW
e21f7e62dfb7fc 1@2@V9V@:@R~9@E@
e21f7e62dfb77c W9H46,8:^Y-~ZK72
e21f7e62dfb7fe 111Y1YV@AE89VKP2
00000008010500 4E@9AU1A@A5V9@@@
e21f7e62dfb77e W1H19U-X~*-~9UP2
00000008000000 1A15V9@1~X@@9VA5
00000008000101 ZA@5A94@5@K@X@U@
00000002010001 VP2WY:H6X;HH:&2A
00000008010502 4A@@AU1A@A5V9@@@
00000008000002 WP14YW22~P5;;CEV
00000008000103 WA@4MAH1~Z5&1W2~
0000000a000003 @H@@C~2@~A@@@KA@
fe5059e3ad6155 *Y8/*Z--YYR*:-**
00800000000001 ZMXRY8*/X-R/Y6YW
40000000000400 V:26@U@@K,K9*9AV
b94d23ab3c2ae5 5CX**8*5U77M,6UM
00800000000003 C524Y4ZW~/R82VE^
40000000000402 *P441*YU@YM&ZA8^
f5a47642894248 E-~,-:MU^5-166UX
f5a476428942c8 -C7;^WVVYZ;1&82H
eb3f7eeadff7ff W6XWV*Y~7ZC^V~XA
f5a476428942ca 2C7~W91AWHHA@6E2
0000000a010100 9K@1U~48:EA9@6@@
f5a4764289424a 4E~,-:V1^PRAVMAR
00002000010180 ZY42@U1@MU4@9V5@
00002000010100 XA8UC,HVK9&VV~25
00000000010100 ZAM*/,H**Y7VV6X7
00000000010180 ZY@@@9191V2@@@52
b9cd23ab3c2ae5 HM2HY8Y&UK8XH;AV
00000000010102 4E@@@XM19VKV9152
00000000010182 4A11WY6CZ489V&22
00002000010182 224@@U1ACC4@9@@5
00002000010102 2KR@AP44K169V625
6cb2f9ce238d96 -,6*M^E8W,K-;,U&
00002000000400 &U2@1U9UA9K59@E@
00000000000400 6C4@1U9UA9K59@E5
00000000000480 ,W1/42V9KUR/;ME4
00002000000480 *E4Y2YVUMER/V&7E
00002000000501 WA2^C^*UPE8&VWE@
00000000000501 ,M@;AK*~P*8&V/2~
00000002010080 191W^Z@@&YZW~64A
00000002010000 V,8WY:HRZ**H:&7E
00002000000482 4247@U@@RA899@@5
00000000000482 -W44P*V9@48&4WER
00002000000402 4247@U2@EC89U9@~
00000000000402 *K41E4X95-7&&94Y
00000002010101 VA@VW:46:XH9X&@@
00002000000503 4A2,CUZKP489V/E9
00000000000503 ,M24MU*954R~VUE@
00000002010082 1A8W-Z119EEU9&6E
00000002010002 1~X1K4H19KE@211@
e21f7e6adfb67d ^1@Y7UH@5E5^6^A1
00000002010103 VP21MX419EH9XV2@
e21f7e6adfb67f W6@17VH@@VK~VU@@
f5a4774a894248 ZHKKU~12UEA@U@26
2cb2f9ce238d96 HYCCUVEEWE@:UP@V
f5a4774a89424a HAKM1V1HY@KAU626
f5a47642894348 R-7;W:/V-*/1ZKU2
eb3f7eeadff7fe W5VCV9E~M9&U6~4A
f5a476428943c8 ZU7^C91U/4H195E@
f5a476428943ca 4A7,6XV1Y2R@VMY5
f5a4764289434a 2C7~WX1AWEH@A6E2
b9cd23ab3c2ae4 A-&X*8H~*5&866U6
00002000000580 V@2@1UVUACR59@E7
00000000000580 ,W1-M@V98YR~Z^77
00002000000500 -A4~APZ^RE6~V^PX
00000000000500 -WH8KP*9R*M~V&PX
00002000000582 HA4Y@YV@PEP9V5E5
00000008010001 ZA@*R/EMU;5W;6X5
00000000000582 ,U14MX1U@A8&VV22
00000000000502 4245@,4@EC89AV@~
00002000000502 4245@U4@EC89U9@~
00000002010182 @A4WM91A;A4996@@
00000002010102 @P41KX419VU@2V52
00000008010003 4E@9AU2A~@5995@@
00000100000000 *U8W*&-;C-8-~-**
00000100000002 HA&^Z&68*@729K54
89282ee807f7a2 ZA1ZR^4^MYX9V57A
60a2484e783a2f -,6-W/AM,-A-XP@&
00000002000180 1V2@69VA7@H59@E@
00000002000100 WRRAW:*6~ZY6X/P@
fe7359ffff61df RV7VWX*19X&1Y^K2
fe5359ffff61df /W7VU9*H~Y9VU6UX
00000002000182 CC8W/XV1XHH9@&E2
00000002000102 WP41WXZH~2*&XWPX
00000008010000 @5@44U1@5Y54251@
fe7058e3ad6155 -X;-,Z*V*E-*XM/H
fe5058e3ad6155 -HR--**-UY-*:-,*
00000008010101 XA@Z/U4A^4A9Z~X@
00000008010002 V:A4PVA19W528115
fe7058e3ad6157 EH@@^@*W9Y@9AAA@
fe5058e3ad6157 -WZ4YZR49@&ZXCHX
00000008010103 4E@9AU4A~C5995@@
ff5d7bebbd6bf5 RE8-*H*-WE-V,-P*
f5a67e46f97a6f -,5-W:M@Y;HMY8U-
f5a67e46f97aef -E7-MZV9,YHKXP@2
20a2484e783a2f ;P6-//CC*;A-X/EV
00000008000401 -2@-M^45K-K/-KE5
00000008000403 W@@4RWH@5R5&ZUE~
0000000a010003 VP@1*VH19,AV:V2@
de13019cd2618e *-XR*/H-V~;:;8E-
de33019cd2618e ,R:HW;-C~Z&:C-@E
40000008000000 1K16C9E@1/AV7@A9
de93019cd2618e 4,KY2,RZ9U&Z&@YR
4000000a000001 /P@WW&EM9,A,:PEV
40000000000001 *P9;^,Y6::C/;,@^
4000000a000003 WP@1MV2@9XA;:9EV
40000000000003 KP21AVE19VH&Y2@9
00000000010480 XU1Z2H1U4Y8WZV2E
00000000010400 X^1*M-C9RWMW;68E
00002000010400 VA4YCY4UPR6VV645
00002000010480 4E22@W@9H98A9@6@
00002000010501 ZE2@CY4@A15@96@5
00000000010501 XK2HAYHUP2RV4625
0000000a000001 9H@@C~2@~C@@@KA@
00200000000001 -P@5UX*19248@CA@
00002000000001 -2XKHR*VP-M/V,2A
00000000010402 4A4HE84KR47UV68P
00002000010402 4242@,@ARC8A9@@5
00000000010482 4E4CK*@@C4PUV&8E
00002000010482 4A4UCY@AR18UV&8@
00000000000001 YA95AXH15W16@1@5
00002000010503 4K2YC,4KP289V&25
00000000010503 ZK24CXHU5WMVVV2@
00200000000003 EC@--&Z1UECYV/UC
00002000000003 EAX@A^41AC1@91@@
00000000000003 /RX4Y*YU~-RZ;WEW
4000000a000000 C^K1U6262,A-::AV
4000000a000002 @511C9E@@/AV79A9
40000000000002 -7Z1UYYH~,*::UPU
00000008000100 1A15V911~*@@9VA5
00000008000102 1A1@V911~Y@@9VA5
00000000010580 9Y1@@9194U7@@@5@
00000000010500 XK2HCYHUP9RVV627
00002000010580 9Y4@@U1@RU8@9V5@
00002000010500 VUHAA,45PC6VV622
0000000a000000 CK6W*1HRXEAP:VE@
00000000000080 X9;R/*&U&XYK;KYP
0000000a000101 &R@WC9HMXYA~XME9
00000000000000 ^9Z^*YKR&ZWP66VX
00002000000000 -P8^H-E;P;,/&R8,
00002000000080 ,A8YAYV9MA;/V6ZE
00200000000101 -P@5UX*1~246@CA@
00002000000101 PA2@AU41A@1691A@
00002000010582 4A4XAY1ARCP9V&25
0000000a000002 W^C1Y9E1~HA::EEV
00000000010582 4E1YCX1A8H891&77
00000000000101 WC2-WKZ/X*6~VWY~
00000000010502 422@5^1ACA8@99@@
00200000000082 ,U1@^X&1~EE~9CM5
0000000a000103 WK@1U9H1~XA&9VE9
00200000000002 -U1@U9&19HC&9CM@
00000000000082 119~1Y61*@7@9557
00000000000002 119~1Y81*17@9557
00002000000103 4P2,C^Z6AER9V/Y~
00000000000103 YA@@AXH15U16@1A5
00002000000082 2247@U@@CA499@@5
00002000000002 @287@U2@EC89U9@~
00200000000103 -P@@UX*1~446@CA@
00800000000000 XRVU&E8^RY/265Y*
00800000000080 CY@9&Y@UX4,961K8
00000002000003 1M@9C:2@9@@@9@@@
00800000000002 22@@X29A96R@AVA~
b94d23ab3c2ae4 RR8-RR-;W7-/;-4-
00000002010180 V951VX1AVZE12672
00000002010100 1E6@@91@19@@@@52
bdfffbef3faff6 RP8*-M-;WP--;-4*
e21f7e6adfb67c @5@1191@5@AV9~1@
e21f7e6adfb77d ^1@Y6^H@ACK~V~A@
6cb2f9c6238d96 -K&C/&XE&VW,-^@9
e21f7e6adfb67e 95@1191@51A9991@
e21f7e6adfb77f @6@E59455159VA@@
e21f7e62dfb67d ^@2U1,*~A18~9^AA
e21f7e62dfb67f 162U@WX@ER199U2C
00000008010401 ZA@*HWHK7:5V;62@
00000008010403 ZE@4HWHA5-KV;V25
f5a47742894248 **PM*Z/2YM67KRA-
2cb2f9c6238d96 --;Z//*V*R--;-&,
f5a4774289424a 4E7/W;V8WE5E9ME8
de13019cd3618e 2YE@W~C1W4499@27
fe5858e3ad6155 EH@6W@HUUX99A@UC
40000008000401 WP@*M^E@P:K&;UEV
de93019cd3618e ZE5Y*YH-U;;V&62E
40000008000403 PP@1A9E@@&K&X@A~
89282ee806f7a3 *R2-H,*^A,R^;/2W
e21f7e6adfb77c @5@1191@5CAV9~@@
e21f7e6adfb77e 166*~U476EK9VKE@
0000000a010001 9K@1U~25:4@9@6@@
00002000010001 ZE2@CU2@K@@@96@5
00000000010001 VPX*R*4/Y,RY;6XK
00002000010003 4E2@CU2@K1@@96@5
00000000010003 4E@@C:2@511@@5@@
fe5059ebad6155 HC5CY@H8W2@9^@EV
40000008000400 ,KC-61EK6ZK~;KE&
40000008000402 1K11C92@5/KVP@A9
f5a4764a894248 --5-*^CRY;KC;R2&
60a24846783a2f -,R-C,U~Y,*-X,AW
f5a4764a89424a 4CKP7^18UE5AWM2V
00000008010100 XK6Z/^H8-C59452@
00000008010102 4E6H/A45W4599&2@
00000008000400 55@14U1@5*517^1@
00000008000501 ZA@5A94@5@K@9@A@
0000000a010000 1~6WY~15~EAH:&1@
00000008000402 EC18R^25P2KUVMHV
00002000010080 XU;YC*1VKY:WV&XP
0000000a010101 V7@WM54KXH@9X52@
00000000010000 VP;*-,4-YY-CZ68P
00000008000503 UC@1AA4A5Z5&ZUE~
00000000010080 4E@@@9@91V2@@@6@
00002000010101 ZE2@CU4@KC@@96@5
00000000010101 4E@@CX4@5A1196@@
00002000010000 92X2@W@9H96A9@65
0000000a010002 V511WV21~^@X:V@@
00000000010002 2242@^@AMC4A@V@5
0000000a010103 @K@1U~4K:H@@@6@@
00002000010002 2242@,@AMC4A99@5
00000000010082 2A6WX*1@UER9V525
00002000010082 2A;YEY1@RARUV64K
00000000010103 XK@4/YHV9EM9VV2@
00002000010103 1K2YAE46P259V625
20a24846783a2f -P44/;/9ZZ9PYP5E
20a24846783aaf ,Y5;;ZV16**/2R@P
20a26846783a2f -P8,H-V6K,W/9^*U
20a26846783aaf -A4YCW@WEX2/9K@A
00002000000401 ;229E/Z9P-R/VME^
ffb777dedb63ce **PM*;M;^M85ARA-
00000000000401 YA@5A94@5APA@1A@
00002000000403 4A2,H/Z5K88UV/E/
00000000000403 EA@5A94@5CPA@1A@
00800000010080 121X9Y@@1H,V&@9A
00800000010000 ZY6Y-,H-,Z-W&52P
de13019ed2618e WA,C*V*C&AV&:RE*
00000002010003 V79@K4H@~ZHZ:9@A
00080000000000 X::*1E8UMXY2M5YH
00082000000000 V925@U2AK,U@&ZUC
40000000000000 -KRRU^Y;/--^;,HW
40000002000001 5P91AVE1~UA~:7A9
00002000010502 4A4XA,45ME89V~27
00880000000000 *K8RY5R^^-;YW;H*
40000002000003 KP21AVE199H&X2@9
f5a4764a894348 ;-K-U~C7YVK12MX9
f5a4764a89434a 2C5~W91A/EA@U@E@
00000008000500 -C1-KK457*5~V&29
